<?xml version="1.0" encoding="UTF-8"?>
<!-- Generated by org.testng.reporters.JUnitXMLReporter -->
<testsuite hostname="LAPTOP-LFK4DCEU" ignored="2" name="Test" tests="2" failures="0" timestamp="2022-11-09T11:57:32 EST" time="48.779" errors="0">
  <testcase name="forgotPasswordTest" time="1.672" classname="tests.LoginPageTest"/>
  <testcase name="validUserTest" time="2.628" classname="tests.LoginPageTest"/>
  <testcase name="passwordFieldEmptyMsgTest" time="0.0" classname="tests.LoginPageTest">
    <ignored/>
  </testcase> <!-- passwordFieldEmptyMsgTest -->
  <testcase name="rememberMeTest" time="0.0" classname="tests.LoginPageTest">
    <ignored/>
  </testcase> <!-- rememberMeTest -->
</testsuite> <!-- Test -->
